  main.cpp
C:\Users\Gab PC\Downloads\TP2 ALGEBRA TS\TP2 ALGEBRA\algebra tp2\main.cpp(37,6): warning C4326: el tipo de valor devuelto de 'main' debe ser 'int' en lugar de 'void'
C:\Users\Gab PC\Downloads\TP2 ALGEBRA TS\TP2 ALGEBRA\algebra tp2\main.cpp(39,12): warning C4244: 'argumento': conversión de 'time_t' a 'unsigned int'; posible pérdida de datos
C:\Users\Gab PC\Downloads\TP2 ALGEBRA TS\TP2 ALGEBRA\algebra tp2\main.cpp(55,20): warning C4244: '=': conversión de 'int' a 'float'; posible pérdida de datos
C:\Users\Gab PC\Downloads\TP2 ALGEBRA TS\TP2 ALGEBRA\algebra tp2\main.cpp(56,20): warning C4244: '=': conversión de 'int' a 'float'; posible pérdida de datos
C:\Users\Gab PC\Downloads\TP2 ALGEBRA TS\TP2 ALGEBRA\algebra tp2\main.cpp(57,20): warning C4244: '=': conversión de 'int' a 'float'; posible pérdida de datos
C:\Users\Gab PC\Downloads\TP2 ALGEBRA TS\TP2 ALGEBRA\algebra tp2\main.cpp(82,9): warning C4101: 'position': variable local sin referencia
C:\Users\Gab PC\Downloads\TP2 ALGEBRA TS\TP2 ALGEBRA\algebra tp2\main.cpp(139,21): warning C4244: '=': conversión de 'int' a 'float'; posible pérdida de datos
C:\Users\Gab PC\Downloads\TP2 ALGEBRA TS\TP2 ALGEBRA\algebra tp2\main.cpp(140,21): warning C4244: '=': conversión de 'int' a 'float'; posible pérdida de datos
C:\Users\Gab PC\Downloads\TP2 ALGEBRA TS\TP2 ALGEBRA\algebra tp2\main.cpp(141,21): warning C4244: '=': conversión de 'int' a 'float'; posible pérdida de datos
C:\Users\Gab PC\Downloads\TP2 ALGEBRA TS\TP2 ALGEBRA\algebra tp2\main.cpp(274,54): warning C4244: 'return': conversión de 'double' a 'float'; posible pérdida de datos
  Generando código
  1 of 35 functions ( 2.9%) were compiled, the rest were copied from previous compilation.
    0 functions were new in current compilation
    0 functions had inline decision re-evaluated but remain unchanged
  Generación de código finalizada
raylib.lib(rcore.obj) : warning LNK4099: no se encontró PDB '' con 'raylib.lib(rcore.obj)' o en ''; se vinculará el objeto sin tener en cuenta información de depuración
raylib.lib(rmodels.obj) : warning LNK4099: no se encontró PDB '' con 'raylib.lib(rmodels.obj)' o en ''; se vinculará el objeto sin tener en cuenta información de depuración
raylib.lib(rglfw.obj) : warning LNK4099: no se encontró PDB '' con 'raylib.lib(rglfw.obj)' o en ''; se vinculará el objeto sin tener en cuenta información de depuración
raylib.lib(rshapes.obj) : warning LNK4099: no se encontró PDB '' con 'raylib.lib(rshapes.obj)' o en ''; se vinculará el objeto sin tener en cuenta información de depuración
raylib.lib(rtext.obj) : warning LNK4099: no se encontró PDB '' con 'raylib.lib(rtext.obj)' o en ''; se vinculará el objeto sin tener en cuenta información de depuración
raylib.lib(rtextures.obj) : warning LNK4099: no se encontró PDB '' con 'raylib.lib(rtextures.obj)' o en ''; se vinculará el objeto sin tener en cuenta información de depuración
raylib.lib(utils.obj) : warning LNK4099: no se encontró PDB '' con 'raylib.lib(utils.obj)' o en ''; se vinculará el objeto sin tener en cuenta información de depuración
  algebra tp2.vcxproj -> C:\Users\Gab PC\Downloads\TP2 ALGEBRA TS\TP2 ALGEBRA\Release\algebra tp2.exe
